,number,value,datetime_start,datetime_complete,duration,params_batchnorm,params_batchsize,params_beta_1,params_beta_2,params_dense_dropout_factor,params_epsilon,params_input_dropout_factor,params_learning_rate,params_nb_dense_layers,params_num_hidden0,params_num_hidden1,params_num_hidden2,params_num_hidden3,params_num_hidden4,params_num_hidden5,params_num_hidden6,params_num_hidden7,params_num_hidden_input,state
189,189,0.6330368518829346,2021-08-06 11:55:42.301916,2021-08-06 12:31:17.824574,0 days 00:35:35.522658,True,256,0.4569513694398577,0.10684424504823857,0.12726385167205412,0.4759976903315346,0.4069079177319583,0.0005998405194948445,7,49.446066076762904,180.1157909421284,510.8904949946586,123.93469035485508,70.34844636502106,369.97451245358457,134.5953173780945,,181.4276455866629,COMPLETE
190,190,0.6411215662956238,2021-08-06 12:31:17.877540,2021-08-06 12:55:01.839709,0 days 00:23:43.962169,True,256,0.4028973748912393,0.11276514294257531,0.10205055800412306,0.45366755073538034,0.41267594117620177,0.0010873247899033283,6,44.89535154523216,332.36576616658544,407.2614724611347,108.6089041491518,128.5386051524784,484.88537136721976,,,250.1143405175253,COMPLETE
191,191,0.6377934217453003,2021-08-06 12:55:01.891759,2021-08-06 13:21:50.922460,0 days 00:26:49.030701,True,256,0.3876892174400015,0.11499077423400149,0.10361456113825847,0.45352641285213213,0.41169940629472124,0.0011382293647780378,6,53.66800251008102,332.09460800834785,409.387016518253,115.33342834372263,129.62577083959044,501.33811563221747,,,253.60808898821142,COMPLETE
192,192,0.6443024277687073,2021-08-06 13:21:50.969502,2021-08-06 13:50:53.741615,0 days 00:29:02.772113,True,256,0.39814104167265874,0.11602032570842151,0.1013551904629543,0.9914707262829211,0.37216300472712643,0.001490506798497332,6,41.90028091545713,366.984266328828,410.3258637032092,112.65151515493427,130.79417829318146,508.78389932523527,,,290.06858549056443,COMPLETE
193,193,0.6441698670387268,2021-08-06 13:50:53.796637,2021-08-06 14:21:36.992918,0 days 00:30:43.196281,True,256,0.40639109359626285,0.1295808875889778,0.12103008159278773,0.9838139166924197,0.3677656621175346,0.0015338126670078357,6,42.92622763085929,378.89180071006535,406.1037251742365,116.23125478927538,134.61100115568556,499.8581811066391,,,253.47554217855335,COMPLETE
194,194,0.6401495933532715,2021-08-06 14:21:37.041518,2021-08-06 14:46:49.287912,0 days 00:25:12.246394,True,256,0.3897880088888341,0.1304872413357326,0.12003771231523358,0.9440694920885581,0.3667593646474077,0.0013967160730660175,6,41.92551291427982,379.43288684334635,406.44059614819326,116.05783830013299,129.47472977799666,488.001924838887,,,256.34560153655593,COMPLETE
195,195,0.6456572413444519,2021-08-06 14:46:49.345190,2021-08-06 15:16:10.252768,0 days 00:29:20.907578,True,256,0.40234530860113427,0.1300909215022674,0.1013343533999454,0.9989327716621766,0.3727772857048024,0.0015161148287480865,6,43.42122704187771,379.44718816634384,402.32062475276535,128.61725888135908,126.9003860546851,393.3186908756712,,,319.62045921882526,COMPLETE
196,196,0.6334491968154907,2021-08-06 15:16:10.296620,2021-08-06 15:45:42.558505,0 days 00:29:32.261885,True,256,0.39029900324496675,0.1327415373266549,0.10160165291433089,0.928779232249818,0.3667482071262858,0.0013223130863662539,6,42.72135891603086,378.6024000761606,393.5023890988406,186.28757026863138,133.9794966886397,511.2667875122917,,,256.1301576820768,COMPLETE
197,197,0.6320207118988037,2021-08-06 15:45:42.615716,2021-08-06 16:07:53.807191,0 days 00:22:11.191475,True,256,0.3856704366361393,0.11693395856777952,0.13384373697360105,0.950497255244368,0.3720416246204941,0.001694912117342875,6,54.89847064721675,328.9946521235883,411.86562395449783,128.1211095982283,136.18342352403198,377.0263910813982,,,310.4384513191664,COMPLETE
198,198,0.6256442666053772,2021-08-06 16:07:53.866059,2021-08-06 16:20:51.292819,0 days 00:12:57.426760,True,256,0.40671972484689634,0.12784739061374306,0.14158218612243317,0.2251570979641069,0.37638952142925364,0.0022077133635380036,6,46.26428845211136,268.33284956778795,404.7004674774697,168.65658075798817,121.0608669831528,401.93628008435195,,,306.9568543049137,COMPLETE
199,199,0.6402674317359924,2021-08-06 16:20:51.343337,2021-08-06 16:47:28.258261,0 days 00:26:36.914924,True,256,0.42129794660950926,0.11849860956723364,0.11983075235936062,0.7199641175950716,0.38603337892820583,0.0010974895201797132,6,33.694875077696,424.0728524970846,418.8986867634853,131.47365697298235,138.69438544924748,510.9648566714207,,,367.2714164317368,COMPLETE
