,number,value,datetime_start,datetime_complete,duration,params_batchnorm,params_batchsize,params_beta_1,params_beta_2,params_dense_dropout_factor,params_epsilon,params_input_dropout_factor,params_learning_rate,params_nb_dense_layers,params_num_hidden0,params_num_hidden1,params_num_hidden2,params_num_hidden3,params_num_hidden4,params_num_hidden5,params_num_hidden6,params_num_hidden7,params_num_hidden_input,state
62,62,0.6115365624427795,2021-08-05 05:41:08.439255,2021-08-05 05:49:37.266176,0 days 00:08:28.826921,True,512,0.3056823788136576,0.32762568979248125,0.17458036254219444,0.06494011170145912,0.10860635502020123,0.00016811841890962867,2,296.9452328135775,13.818661216337624,,,,,,,121.94492503195377,COMPLETE
63,63,0.5375519394874573,2021-08-05 05:49:37.331234,2021-08-05 05:56:40.067001,0 days 00:07:02.735767,True,512,0.4078007561166464,0.3126584820536936,0.1738795480174251,0.08504533503671995,0.10454908011555812,0.00010640285583213086,1,320.5684835170949,,,,,,,,118.67163863453816,COMPLETE
64,64,0.4842134714126587,2021-08-05 05:56:40.128055,2021-08-05 06:17:22.005450,0 days 00:20:41.877395,True,256,0.1683954117267995,0.3351210591313662,0.12228395785358434,0.5296115206100079,0.14039598914380536,0.00016872688056527107,2,404.31246630676657,14.229875894727174,,,,,,,87.56676271050571,COMPLETE
65,65,0.6092686653137207,2021-08-05 06:17:22.052493,2021-08-05 06:21:41.402935,0 days 00:04:19.350442,True,512,0.25784760896322106,0.28978715228406904,0.18777508880893762,0.010242075998035616,0.050050215589692415,0.0002631160996514497,2,292.5646121208065,16.769736294697434,,,,,,,132.20816563666514,COMPLETE
66,66,0.44543927907943726,2021-08-05 06:21:41.441970,2021-08-05 06:29:18.778145,0 days 00:07:37.336175,True,512,0.2587520654760844,0.29115391366929066,0.18932196414379956,0.2755494540082487,0.08265186256017046,0.00013120595060898526,1,280.99703807727957,,,,,,,,141.48291236147753,COMPLETE
67,67,0.4605189561843872,2021-08-05 06:29:18.827190,2021-08-05 07:02:19.425207,0 days 00:33:00.598017,True,32,0.30244733430494203,0.4723886335684683,0.24924969894248056,0.036460556217521055,0.062202264933578236,0.0002504511599199265,2,372.3182458688916,4.7619235544508545,,,,,,,102.76522695737881,COMPLETE
68,68,0.5841015577316284,2021-08-05 07:02:19.473249,2021-08-05 07:22:58.436998,0 days 00:20:38.963749,True,64,0.21640579533131477,0.24781581020267512,0.22820526482183434,0.01367587506301392,0.049213268831231886,0.0002358611163180415,1,433.76154275733296,,,,,,,,71.0927415242323,COMPLETE
69,69,0.6114776134490967,2021-08-05 07:22:58.486043,2021-08-05 07:25:43.483830,0 days 00:02:44.997787,True,512,0.24664450118007614,0.2853167230569577,0.1474805301813005,0.008848078822709767,0.10108873399162978,0.00032344003578031684,2,489.88940857132815,15.264850037560574,,,,,,,119.86252293476653,COMPLETE
70,70,0.07570759207010269,2021-08-05 07:25:43.522865,2021-08-05 07:26:14.966410,0 days 00:00:31.443545,False,512,0.23731096276656222,0.28829802990726877,0.14147150074819287,0.0969439576622851,0.11402012760283195,0.00015228956960926552,2,311.3680800439346,15.590829582406396,,,,,,,64.09943874694602,COMPLETE
71,71,0.6162341833114624,2021-08-05 07:26:15.005445,2021-08-05 07:29:00.754915,0 days 00:02:45.749470,True,512,0.25910314747526325,0.3234605845345559,0.17937856920206632,0.005720049831252624,0.16227095312197098,0.00029376483716969106,2,357.6183684883261,11.41277491827338,,,,,,,120.57258227676407,COMPLETE
72,72,0.6055135130882263,2021-08-05 07:29:00.791949,2021-08-05 07:31:38.955533,0 days 00:02:38.163584,True,512,0.26087195738012614,0.32524506414039817,0.09576128049162912,0.007685679051394804,0.1586810068095151,0.0003204084682810564,2,506.958245729438,11.167724962433553,,,,,,,119.82450615989362,COMPLETE
73,73,0.613288938999176,2021-08-05 07:31:38.993566,2021-08-05 07:36:09.338989,0 days 00:04:30.345423,True,512,0.27874396718877364,0.33757331775397226,0.08202421097398449,0.006611222252809249,0.151446262521753,0.00010146080091823521,2,444.3563263562069,11.21804320775421,,,,,,,111.4522545291564,COMPLETE
74,74,0.2844962179660797,2021-08-05 07:36:09.386032,2021-08-05 07:37:54.963878,0 days 00:01:45.577846,True,512,0.2936043824411033,0.32324502224191837,0.07223433642028676,0.007714141692048194,0.1018037976763593,0.0533110113829997,2,463.6271266711991,10.67285016029965,,,,,,,114.11383775345841,COMPLETE
75,75,0.6148204803466797,2021-08-05 07:37:55.021932,2021-08-05 07:43:27.214500,0 days 00:05:32.192568,True,512,0.3418368539694143,0.43553348308452133,0.09508905430639626,0.008737226871024446,0.15355876366586543,0.00010311951734194858,2,506.9081663526931,10.837937680942655,,,,,,,132.5561804684036,COMPLETE
76,76,0.5849704146385193,2021-08-05 07:43:27.264545,2021-08-05 07:50:57.231031,0 days 00:07:29.966486,True,512,0.34047006653441575,0.42912598689034476,0.04500157701375338,0.029390176762662448,0.13139521881233301,0.0001229807593179526,2,367.32816929127375,6.84729169862337,,,,,,,132.7046900479512,COMPLETE
77,77,0.5940564870834351,2021-08-05 07:50:57.284079,2021-08-05 08:07:42.726834,0 days 00:16:45.442755,True,256,0.3927850002500383,0.503391580483432,0.12359322479929934,0.05327965786913495,0.017153345969932662,0.00010488996188651792,3,482.9343986700023,18.03950126531588,416.6388499722256,,,,,,147.50548270582297,COMPLETE
78,78,0.6036432981491089,2021-08-05 08:07:42.777881,2021-08-05 08:12:43.110527,0 days 00:05:00.332646,True,512,0.3158716600038433,0.3430252683937281,0.11355317923440764,0.023660027378469246,0.14768408114265758,0.00017899632277832672,2,503.5103205789771,8.149270673200533,,,,,,,85.92422780122351,COMPLETE
79,79,0.5249757170677185,2021-08-05 08:12:43.153565,2021-08-05 09:06:52.804646,0 days 00:54:09.651081,True,16,0.45236159762901057,0.6045757103633755,0.09107122035095373,0.00499464398712029,0.07543365544603534,0.00010167760276147178,2,320.8256010816457,12.86393761459636,,,,,,,134.9354039450953,COMPLETE
80,80,0.5886961221694946,2021-08-05 09:06:52.856693,2021-08-05 09:12:58.682570,0 days 00:06:05.825877,True,512,0.27592180675660594,0.28431223429515795,0.07695233513606133,0.009901908064789251,0.09669664994678565,0.00014861982659040111,3,407.99294329004374,19.11657268857259,5.708310863038541,,,,,,98.50499587049588,COMPLETE
81,81,0.6149235963821411,2021-08-05 09:12:58.733617,2021-08-05 09:17:48.037250,0 days 00:04:49.303633,True,512,0.3419893894632141,0.3030286905686156,0.03402521457739138,0.02125832310549718,0.1580640968232385,0.00021600464458170802,2,502.94081367434916,13.037072822714386,,,,,,,120.66115294464569,COMPLETE
82,82,0.6181191802024841,2021-08-05 09:17:48.088295,2021-08-05 09:22:44.110029,0 days 00:04:56.021734,True,512,0.3328334447454975,0.3007121911604336,0.028099631965060365,0.019788959410553537,0.20394297276059856,0.00021317782250631368,2,344.51521165024377,23.413412639602647,,,,,,,109.43612726515627,COMPLETE
83,83,0.6208876967430115,2021-08-05 09:22:44.149064,2021-08-05 09:27:17.743438,0 days 00:04:33.594374,True,512,0.3578520231434655,0.2267853114313969,0.022036956972932023,0.017601843080195807,0.2028624582862718,0.00021309277068480418,2,348.3072255494786,22.537328209533438,,,,,,,113.31869509561693,COMPLETE
84,84,0.6231555342674255,2021-08-05 09:27:17.784475,2021-08-05 09:31:24.259228,0 days 00:04:06.474753,True,512,0.3754803761124051,0.21542660588877452,0.0347402005965855,0.021692831209872965,0.20825995314008858,0.00021673295378711382,2,352.6819159513926,22.449397732439447,,,,,,,109.05084551756279,COMPLETE
85,85,0.6125673651695251,2021-08-05 09:31:24.296262,2021-08-05 09:36:25.536731,0 days 00:05:01.240469,True,512,0.42602564240503,0.19536457982776573,0.016224163974159204,0.01940785093719706,0.20499467000388916,0.00020512200529339107,3,361.2791481137661,23.45979444976833,49.12825812158244,,,,,,111.7907459714927,COMPLETE
86,86,0.6162636876106262,2021-08-05 09:36:25.570762,2021-08-05 09:41:20.942906,0 days 00:04:55.372144,True,512,0.5426078415732832,0.19834491541179577,0.022325260064105644,0.01830113758904884,0.20756161222284794,0.00021791546071339317,3,359.4373268924982,24.018942526723674,57.64954103343114,,,,,,94.449345710707,COMPLETE
87,87,0.6212411522865295,2021-08-05 09:41:20.980940,2021-08-05 09:45:30.086082,0 days 00:04:09.105142,True,512,0.5869333272844243,0.22289209547321323,0.03319803029283687,0.00319270427448461,0.2276846821135548,0.00023308154410232767,3,246.10400974858953,28.200265405361172,303.605678441745,,,,,,76.87403831982985,COMPLETE
88,88,0.6098282933235168,2021-08-05 09:45:30.124116,2021-08-05 09:50:10.534676,0 days 00:04:40.410560,True,512,0.6225969916543309,0.17455411580279054,0.03244097431208799,0.0029254545572616284,0.2186946830014367,0.00013655594399261022,3,255.00457029321814,21.831106594104064,485.49936030409043,,,,,,80.0796533919967,COMPLETE
89,89,0.6186198592185974,2021-08-05 09:50:10.572711,2021-08-05 09:53:58.414550,0 days 00:03:47.841839,True,512,0.7984804473266355,0.21917824747828205,0.0006969906431507841,0.004235390302184247,0.20480574672544016,0.0002092267906095036,3,218.56681798215715,39.595461266112466,323.5911459760364,,,,,,93.03489002129149,COMPLETE
90,90,0.6093423366546631,2021-08-05 09:53:58.451583,2021-08-05 09:56:41.511611,0 days 00:02:43.060028,True,512,0.9097832504888768,0.2195206753362049,0.05249137224275077,0.0021208669293634914,0.243106060459325,0.0002291003651386398,3,220.52935068016055,41.23302903730675,323.3181664218201,,,,,,75.08101121043556,COMPLETE
91,91,0.6212853193283081,2021-08-05 09:56:41.549646,2021-08-05 10:02:23.976506,0 days 00:05:42.426860,True,512,0.8798723406616857,0.20568286665739394,0.0012965496805492048,0.019888574454963316,0.22875792467325765,0.00019483377327808942,3,365.5502697622348,26.215044687846234,235.20656175366358,,,,,,91.73722925684092,COMPLETE
92,92,0.5914646983146667,2021-08-05 10:02:24.023549,2021-08-05 10:07:14.120902,0 days 00:04:50.097353,True,512,0.8010740970503738,0.22865776826866388,0.00024090350215150852,0.004121263048661713,0.1933075429202122,0.0001889706647568855,4,347.1252181017053,29.005783180370855,224.3568795105923,5.949592592210734,,,,,94.30947554315976,COMPLETE
93,93,0.07611992955207825,2021-08-05 10:07:14.169948,2021-08-05 10:08:20.735376,0 days 00:01:06.565428,True,512,1.265751996036318,0.20541492871998343,0.028175264930451395,0.022998761030336004,0.22656467929763213,0.0002264981969315538,3,191.92967121939884,31.59260760861238,486.63939856437895,,,,,,63.71917689801,COMPLETE
94,94,0.5949253439903259,2021-08-05 10:08:20.779416,2021-08-05 10:21:32.652289,0 days 00:13:11.872873,True,512,0.5248747959774472,0.17444545419296567,0.019412004796884617,0.19019847638349027,0.20422069675748708,0.00017269903236815086,3,234.25567422083026,26.19344539436276,341.1668944291156,,,,,,82.72767006340727,COMPLETE
95,95,0.6159838438034058,2021-08-05 10:21:32.700333,2021-08-05 10:27:31.494052,0 days 00:05:58.793719,True,512,0.5883985899351886,0.20677255182078838,0.008358793450652009,0.029630162799782016,0.21016625473804215,0.00019913691859327047,3,387.5652055558651,42.369522241946605,246.24554637568264,,,,,,92.36233506732324,COMPLETE
96,96,0.07611992955207825,2021-08-05 10:27:31.538091,2021-08-05 10:35:08.176634,0 days 00:07:36.638543,True,64,1.2489251795931662,0.20513853566459192,0.007888241463504518,0.012784297004468525,0.21089502783719744,0.00014477618259048114,3,333.4941334062629,42.08306838687896,248.6373938989697,,,,,,90.7233300393045,COMPLETE
97,97,0.555385410785675,2021-08-05 10:35:08.223676,2021-08-05 11:15:15.794375,0 days 00:40:07.570699,True,32,0.5871529887053948,0.14438826432345403,0.04580267388207265,0.037893344113060425,0.2491951923823753,0.0003909400828478572,4,256.56245450316015,20.159784234437794,202.49477381703366,341.106717395606,,,,,76.68096962449076,COMPLETE
98,98,0.07570759207010269,2021-08-05 11:15:15.839416,2021-08-05 11:15:59.666204,0 days 00:00:43.826788,False,512,0.7673938845119616,0.16395238810305318,0.061821765561862835,0.016098835552602088,0.23245008497146286,0.0002697715103578774,4,405.51086610754925,32.187940752492324,283.5280381632304,494.02731699508973,,,,,97.81237468397723,COMPLETE
99,99,0.10451211780309677,2021-08-05 11:15:59.715248,2021-08-05 11:17:05.421897,0 days 00:01:05.706649,True,512,1.0480757984135498,0.18048397962989457,0.00858316636582342,0.030299360511475058,0.18753679280201987,0.0003637401229689809,3,378.5193630491074,53.290126999281156,356.2207982749942,,,,,,89.61181716737994,COMPLETE
100,100,0.6170441508293152,2021-08-05 11:17:05.471942,2021-08-05 11:21:20.100098,0 days 00:04:14.628156,True,512,0.47375108450596437,0.20898125470800322,0.024948056692057304,0.0016662339169732508,0.22527519146032457,0.0001874848029268983,3,331.8888887944475,25.670717736113048,106.6137323928499,,,,,,106.4281955568718,COMPLETE
101,101,0.6181339025497437,2021-08-05 11:21:20.149143,2021-08-05 11:25:53.319130,0 days 00:04:33.169987,True,512,0.48758852960927834,0.21053209414178872,0.02098791512539242,0.001978203846573631,0.2229498851875895,0.00012246110485374478,3,356.17836299564226,25.88794959953365,119.58280811304574,,,,,,107.0874374727781,COMPLETE
102,102,0.6205195188522339,2021-08-05 11:25:53.362169,2021-08-05 11:30:31.579740,0 days 00:04:38.217571,True,512,0.48165072690914734,0.23508472586450455,0.023311358936641855,0.00201157878008907,0.2239344666293453,0.0001162963834107875,3,333.0021561712666,26.009112304804244,62.629649060909586,,,,,,103.83184114586943,COMPLETE
103,103,0.6145848631858826,2021-08-05 11:30:31.629785,2021-08-05 11:34:44.517359,0 days 00:04:12.887574,True,512,0.4922173678809166,0.23606517456196618,0.026628745992371947,0.00180548470698278,0.2248347397018721,0.00011903457101486,3,213.33968693608372,24.560472326123698,66.22197178625642,,,,,,104.35596416755621,COMPLETE
104,104,0.6237298846244812,2021-08-05 11:34:44.567404,2021-08-05 11:39:04.111022,0 days 00:04:19.543618,True,512,0.4676919980551901,0.2198242848741197,0.042637823326491575,0.0033679741378786878,0.2565712263221099,0.00016740988456888413,3,314.42581272668644,27.38772399552698,103.79814766853846,,,,,,85.23956344004661,COMPLETE
105,105,0.6107707619667053,2021-08-05 11:39:04.160067,2021-08-05 11:42:40.977897,0 days 00:03:36.817830,True,512,0.4630459570868579,0.1839531384628296,0.04405095567693404,0.0009677126302573042,0.27549416884646605,0.00016772738529854174,4,238.4956067145904,27.81841341454546,99.31610430249765,252.55969889901655,,,,,85.43005902503215,COMPLETE
106,106,0.6181780695915222,2021-08-05 11:42:41.027942,2021-08-05 11:46:44.554018,0 days 00:04:03.526076,True,512,0.8637232206275401,0.2237741723570981,0.05771355392380406,0.002988856578428467,0.253245752513191,0.00012362865935358316,3,273.772164919685,37.768418184436456,132.05726789345402,,,,,,107.44553163306804,COMPLETE
107,107,0.5994757413864136,2021-08-05 11:46:44.603063,2021-08-05 11:51:10.819739,0 days 00:04:26.216676,True,512,0.8549430436130655,0.2654672106860778,0.06123442037684278,0.003353753535938104,0.2518928214663285,0.00011671588133130867,3,154.6660992328616,36.58438589541441,128.62480700606096,,,,,,68.80891493459713,COMPLETE
108,108,0.4519335627555847,2021-08-05 11:51:10.870785,2021-08-05 12:27:41.874810,0 days 00:36:31.004025,True,16,0.6944518814933537,0.2236954177421557,0.037616481431310404,0.002755691897380284,0.26504409303878623,0.0001357379719928465,3,442.36725456620036,20.925383809705426,151.02634231834668,,,,,,53.89185281367525,COMPLETE
109,109,0.6149824857711792,2021-08-05 12:27:41.925857,2021-08-05 12:35:36.518698,0 days 00:07:54.592841,True,256,0.3758945890791786,0.16359549945652502,0.052457050213137,0.004122456735881931,0.2362759943763542,0.00015879818820123564,4,270.9181240937657,33.34788522686626,164.81923924370747,9.224015246405797,,,,,99.83984347920814,COMPLETE
110,110,0.6204459071159363,2021-08-05 12:35:36.559736,2021-08-05 12:39:51.233931,0 days 00:04:14.674195,True,512,0.992749157808428,0.2360000670562751,0.013515521290560516,0.004234838151712421,0.25716982221054957,0.00011739771928988231,3,191.87677479516358,48.940027098737595,203.45953365960952,,,,,,110.50123212379633,COMPLETE
111,111,0.0943068340420723,2021-08-05 12:39:51.283978,2021-08-05 12:40:57.478070,0 days 00:01:06.194092,True,512,1.1281127962667057,0.24025286356058445,0.002378505057877239,0.0010630160331046308,0.24421283771765767,0.00012779762997518858,3,180.9331185128793,47.77684546269768,96.18004170850465,,,,,,105.42622311802027,COMPLETE
112,112,0.6196507215499878,2021-08-05 12:40:57.522110,2021-08-05 12:45:38.239948,0 days 00:04:40.717838,True,512,0.9876368010017008,0.21722828982972495,0.01629383391775563,0.004495191306246781,0.28108193920732844,0.00011332899982600958,3,300.4851894821175,37.41072633130509,216.6247782076576,,,,,,108.63347812450213,COMPLETE
113,113,0.6190763711929321,2021-08-05 12:45:38.287992,2021-08-05 12:49:37.880499,0 days 00:03:59.592507,True,512,0.9801041471443037,0.22125933271224157,0.01540715117448438,0.0004461995653764879,0.2746425598994506,0.00010083358140266665,3,303.4884070267874,38.760383309508256,205.73818991622642,,,,,,79.88262928638459,COMPLETE
114,114,0.6125820875167847,2021-08-05 12:49:37.930543,2021-08-05 12:54:23.947194,0 days 00:04:46.016651,True,512,0.987323120100397,0.22447941331560087,0.0393584455376397,0.00422075091198472,0.2838181277301892,0.0001009982364961535,3,247.15683586209457,36.6460040621027,197.98558803399632,,,,,,80.20464748798162,COMPLETE
115,115,0.10458575189113617,2021-08-05 12:54:23.993236,2021-08-05 12:55:28.768038,0 days 00:01:04.774802,True,512,1.1509724593771773,0.26016021698132447,0.0007076066665093958,0.0024506223614363725,0.2571510955811813,0.0001448375806984863,3,288.5473262356405,45.98094977817932,217.54593588227695,,,,,,85.59986326604408,COMPLETE
116,116,0.07611992955207825,2021-08-05 12:55:28.820085,2021-08-05 12:56:47.358384,0 days 00:01:18.538299,True,512,1.3922354692468857,0.18569389430699654,0.01120303740668532,0.012632161694996343,0.28126131731671156,0.00011558608772286797,4,294.7521437823433,29.516987625666992,277.63321736838293,13.131025142280802,,,,,76.58184402040993,COMPLETE
117,117,0.5888875722885132,2021-08-05 12:56:47.404426,2021-08-05 12:59:16.231534,0 days 00:02:28.827108,True,512,0.9080651718849896,0.1522861491977239,0.06716840808560423,0.0005796214964908712,0.2627559186121163,0.00017083036558435664,3,205.6162417617025,39.97613083229699,173.48158983192482,,,,,,64.65239051686078,COMPLETE
118,118,0.6215356588363647,2021-08-05 12:59:16.265565,2021-08-05 13:03:27.621748,0 days 00:04:11.356183,True,512,0.8305347313801987,0.23288743444041818,0.05057376992547926,0.006096667766689527,0.2987393276236774,0.00014809979471299485,3,309.73997168611993,55.43436905707668,153.7949633566359,,,,,,99.88389161256967,COMPLETE
119,119,0.6063676476478577,2021-08-05 13:03:27.665788,2021-08-05 13:11:03.085225,0 days 00:07:35.419437,True,128,0.9799237341134204,0.24681952529250806,0.00015878715052436432,0.005382205547459625,0.30364749667963004,0.00024838057588411793,3,320.5875675153277,56.36871673378162,395.25491217794695,,,,,,98.91977825154544,COMPLETE
120,120,0.6023179292678833,2021-08-05 13:11:03.134270,2021-08-05 13:15:40.488055,0 days 00:04:37.353785,True,512,0.830982139429948,0.19281644041207907,0.04857350292561918,0.0073828446243991265,0.3305669523505119,0.0001566638814706372,4,426.3926539494011,50.319852045538774,187.24009151923767,116.03249884938387,,,,,88.72532750591947,COMPLETE
121,121,0.6170883178710938,2021-08-05 13:15:40.543105,2021-08-05 13:20:38.876937,0 days 00:04:58.333832,True,512,0.758237616955815,0.23002216457100808,0.01686454031021281,0.0035817881784903287,0.2710891334400045,0.00013764581681762814,3,263.80474571951066,33.953866922266634,142.04093056078517,,,,,,114.81621342799255,COMPLETE
122,122,0.5746620297431946,2021-08-05 13:20:38.928984,2021-08-05 13:24:38.328314,0 days 00:03:59.399330,True,512,0.8608384039502469,0.21545935923587803,0.38966498921084425,0.001440184912318857,0.23482502210655512,0.0001010297231193131,3,221.91027074828904,62.77383129395664,264.11870413006835,,,,,,72.32062076167776,COMPLETE
123,123,0.10996083170175552,2021-08-05 13:24:38.382363,2021-08-05 13:25:49.142600,0 days 00:01:10.760237,True,512,1.0774526756820795,0.26321051978051047,0.03737766860655503,0.00042720184423466296,0.24654138287271318,0.00011520076821087295,3,298.4592183850739,38.16507457215617,226.33295176099406,,,,,,100.53391384240959,COMPLETE
124,124,0.6181339025497437,2021-08-05 13:25:49.184638,2021-08-05 13:30:18.921510,0 days 00:04:29.736872,True,512,0.9481586924425021,0.19840719919237165,0.057338375778464706,0.01289015824839533,0.18997132978736714,0.00017627639840451546,3,236.15865882821618,28.195893816270164,156.95098351547833,,,,,,92.91433559187605,COMPLETE
125,125,0.6247017979621887,2021-08-05 13:30:18.972556,2021-08-05 13:34:38.714354,0 days 00:04:19.741798,True,512,0.697592288129512,0.2171054477330356,0.01485738235313324,0.006176006114594242,0.31748120758411885,0.00018734828495658732,3,312.0107866996606,44.68785552120737,298.60210934457837,,,,,,126.28883929693124,COMPLETE
126,126,0.626130223274231,2021-08-05 13:34:38.768403,2021-08-05 13:39:28.508433,0 days 00:04:49.740030,True,512,0.6699928642457473,0.2726651574663772,0.012375659306547306,0.009530666634286008,0.3122377890963414,0.00019840140823974974,3,193.93723235299535,56.93127537664526,312.87994385521154,,,,,,125.60194463815918,COMPLETE
127,127,0.47839659452438354,2021-08-05 13:39:28.551471,2021-08-05 13:41:07.674457,0 days 00:01:39.122986,True,512,0.7045948619834723,0.2707892998361356,0.017326580154603637,0.006512261247472,0.29235520391882025,0.0063843027660042476,3,193.20282216372658,53.73899286084248,284.52639345123754,,,,,,127.57409488572065,COMPLETE
128,128,0.44619032740592957,2021-08-05 13:41:07.717496,2021-08-05 14:07:45.224735,0 days 00:26:37.507239,True,64,0.6599443386152299,0.2362266795612715,0.4962013544986165,0.009087941695967019,0.3192581406590922,0.0002805426875933812,4,310.4675153819512,69.23252480828262,69.09138796842947,17.505215443028384,,,,,117.46719980852856,COMPLETE
