,number,value,datetime_start,datetime_complete,duration,params_batchnorm,params_batchsize,params_beta_1,params_beta_2,params_dense_dropout_factor,params_epsilon,params_input_dropout_factor,params_learning_rate,params_nb_dense_layers,params_num_hidden0,params_num_hidden1,params_num_hidden2,params_num_hidden3,params_num_hidden4,params_num_hidden5,params_num_hidden6,params_num_hidden7,params_num_hidden_input,state
0,0,0.07611992955207825,2021-08-04 20:30:36.366271,2021-08-04 20:32:19.903264,0 days 00:01:43.536993,False,256,0.4019446675063934,0.346389976718468,0.035665148588496176,4.590895926798209e-05,0.25723082998491487,0.015614719133404936,7,67.67823157392174,400.7845555090079,27.964469637330026,4.261403794950459,25.185607999356872,19.836107085329665,4.81583050944466,,179.04579390411578,COMPLETE
1,1,0.0747503936290741,2021-08-04 20:32:19.948304,2021-08-04 20:33:08.958798,0 days 00:00:49.010494,False,256,0.4936575755840277,0.1624794865175823,0.08367806154729707,5.868470214723177e-05,0.238734734890444,0.00233618230597177,1,89.2611249266068,,,,,,,,363.85466215385907,COMPLETE
2,2,0.07611992955207825,2021-08-04 20:33:08.996833,2021-08-04 20:54:00.251739,0 days 00:20:51.254906,True,32,0.14132916545378166,1.792860577811494,0.28523071413844514,3.724890243396627e-07,0.34059361813606254,0.026874824010664045,5,348.9480863444613,20.8683413518339,227.12638897477802,11.28975310859346,46.092478474134495,,,,59.066406551854776,COMPLETE
3,3,0.07611992955207825,2021-08-04 20:54:00.305788,2021-08-04 20:54:44.681073,0 days 00:00:44.375285,False,512,0.9362716816768923,0.2099091394483001,0.32465112320155676,0.1391627971737948,0.24413713530398307,0.023920689438025836,4,143.45408624209753,6.4830082409764405,389.3610074603947,446.4155276270874,,,,,134.2733668319778,COMPLETE
4,4,0.07611992955207825,2021-08-04 20:54:44.733119,2021-08-04 20:55:30.289476,0 days 00:00:45.556357,False,256,1.095321345313281,1.6340903734645942,0.39945945195240445,0.02591304187910203,0.38178591710828774,0.006509515457258193,1,14.999882406406337,,,,,,,,58.52295306171283,COMPLETE
5,5,0.07611992955207825,2021-08-04 20:55:30.338521,2021-08-04 21:00:00.169477,0 days 00:04:29.830956,True,64,1.0446140811004638,0.19010257711503606,0.4547947309320062,0.0002465413905933825,0.32141702406412404,0.0003150489963139253,1,51.01998694190722,,,,,,,,211.22140507560104,COMPLETE
6,6,0.07611992955207825,2021-08-04 21:00:00.224528,2021-08-04 21:26:02.669937,0 days 00:26:02.445409,False,16,0.6537608716906743,0.4401993889241168,0.08928629886524658,0.006517744388408584,0.4372122740681607,0.06683521065625392,8,36.88650037995375,18.007580908877728,154.72855616780558,13.801420263686765,43.748018871137226,25.90469611098631,64.31667190600247,14.80764239631255,57.99383004400405,COMPLETE
7,7,0.07611992955207825,2021-08-04 21:26:02.759019,2021-08-04 21:27:16.271753,0 days 00:01:13.512734,False,256,0.9743492255058163,0.1536904456255533,0.14654334262647456,1.0142283637058526e-07,0.09066661653736963,0.013889943273487219,4,45.294727517940345,35.211196973325315,11.539496792869997,7.421336458810238,,,,,68.22917537268955,COMPLETE
8,8,0.07570759207010269,2021-08-04 21:27:16.335812,2021-08-04 21:29:17.825102,0 days 00:02:01.489290,False,128,0.1045724878889114,0.8310419682065486,0.3697902760654785,0.012648761793196827,0.06973569857410805,0.03393991583971671,3,81.8322521269214,6.439518702542781,421.6214182159227,,,,,,45.35670655077028,COMPLETE
9,9,0.07611992955207825,2021-08-04 21:29:17.878150,2021-08-04 21:39:06.902875,0 days 00:09:49.024725,False,32,0.4434582532695474,0.33864394300120776,0.1819381623221885,0.15126093381553196,0.33389449695382073,0.0004982181604948647,5,6.598511935062243,22.833698562543045,19.84900721197614,14.408240003220035,73.77412036775978,,,,56.043249249021315,COMPLETE
10,10,0.5008835792541504,2021-08-04 21:39:06.945914,2021-08-04 21:45:45.270519,0 days 00:06:38.324605,True,256,0.253375897152121,0.8903715059008103,0.0020158996191083425,1.3710319930342122e-05,0.15685587932683576,0.001809101022038184,8,497.4186526439052,354.09341126528335,53.55682230147259,121.29810924319426,5.906190550454639,4.215778631930253,4.436219275949185,427.0243958027262,511.8217011105096,COMPLETE
11,11,0.48863133788108826,2021-08-04 21:45:45.312558,2021-08-04 21:55:14.281075,0 days 00:09:28.968517,True,256,0.2404412953852796,0.8918023548013232,0.00046768693303610143,6.44033202033179e-06,0.17604796724577873,0.001959833830375048,8,486.3783114506306,475.9592527202355,53.81675455349494,156.65776319464973,4.707119360050286,4.072772425637505,4.437493507600125,498.12416387164365,462.0632978139378,COMPLETE
12,12,0.5188790559768677,2021-08-04 21:55:14.326116,2021-08-04 22:05:47.521939,0 days 00:10:33.195823,True,256,0.23259188798202696,0.8298012498437837,0.00784735505387213,3.455639554105942e-06,0.14620017257929774,0.0017450683500621733,8,396.59213049362097,433.88804881633234,75.9421205847894,180.34449527194406,6.008453576685053,4.34025084206399,4.627688468619375,288.64345221164234,503.16228516217916,COMPLETE
13,13,0.4865843951702118,2021-08-04 22:05:47.560975,2021-08-04 22:36:18.571192,0 days 00:30:31.010217,True,64,0.22645990968233767,0.8663800535897144,0.01974458008126068,1.4468598291448214e-06,0.0023322825660549162,0.0009769415330853788,7,211.36087251202252,175.9641700287074,76.90759039728742,92.90317563012158,4.114788357851284,4.031467647480507,5.941328429969291,,327.315137473308,COMPLETE
14,14,0.07611992955207825,2021-08-04 22:36:18.629246,2021-08-04 22:38:24.252288,0 days 00:02:05.623042,True,512,0.24016896534262672,1.214612497453946,0.18838095574523975,5.823567861346739e-06,0.15406394681609462,0.00011728573032670247,7,474.71900313730083,124.63844796778324,82.66732346194289,376.37981283104307,11.05873450763844,297.37581790312976,324.0957681365751,,500.3509530514773,COMPLETE
15,15,0.18967396020889282,2021-08-04 22:38:24.291324,2021-08-04 23:34:29.884656,0 days 00:56:05.593332,True,16,0.16991163353617472,0.6573924138812964,0.0715793409373846,0.000748236799981217,0.12604969700389407,0.004512538086801535,6,248.00416499389658,189.96856277861718,34.684492838956835,74.36107549508759,9.948614965014066,5.04059513899619,,,329.08713135921244,COMPLETE
16,16,0.07611992955207825,2021-08-04 23:34:29.933700,2021-08-04 23:38:38.868687,0 days 00:04:08.934987,True,256,0.3248293968438662,1.1721133732948703,0.13453350151735127,6.441979689399591e-06,0.018529693728492058,0.0011187146630550653,8,151.86604764408816,78.86988018303956,4.277250928643429,192.82792730451075,459.18889713340155,10.122848125987366,19.315838484090303,465.2398711100615,109.44359534471016,COMPLETE
17,17,0.5717609524726868,2021-08-04 23:38:38.905721,2021-08-04 23:52:25.059716,0 days 00:13:46.153995,True,128,0.1084262806658008,0.5491060638986658,0.2329680954440834,1.3957685122789013e-07,0.19553028677420037,0.00039183879295504005,6,458.4386484491589,496.19637268330405,160.45097339452354,42.44242283499978,10.152427666252352,112.01006113595713,,,239.28577047274663,COMPLETE
18,18,0.5223691463470459,2021-08-04 23:52:25.110762,2021-08-05 00:20:31.139362,0 days 00:28:06.028600,True,128,0.10649152079446948,0.5398906255323812,0.23903124616346466,1.4273208554012107e-07,0.21469437486227574,0.00011477395263950964,6,17.602896523556037,294.17489596311634,140.01706372904692,32.11776221718056,14.95248235225628,115.02396360225038,,,246.2517326803037,COMPLETE
19,19,0.5064795613288879,2021-08-05 00:20:31.190408,2021-08-05 00:49:20.796569,0 days 00:28:49.606161,True,128,0.1054647066285309,0.5040959812716016,0.2392053105514637,1.0071697825178385e-07,0.22161003585202657,0.00010374928815524878,6,11.996427848258985,241.40978939929366,187.7110417462014,39.3023529842114,20.045492828374883,138.9347081430742,,,230.38962463738306,COMPLETE
20,20,0.07611992955207825,2021-08-05 00:49:20.850619,2021-08-05 00:55:36.609739,0 days 00:06:15.759120,True,128,1.8860238112623755,0.2732804207658933,0.2435345283279371,4.968276011767578e-07,0.2889719982240412,0.00025497821788214174,6,23.689682104845648,81.60072559614765,117.80538343118508,29.490882749281035,148.55270936899075,89.46468156136811,,,106.07420150116268,COMPLETE
21,21,0.38780078291893005,2021-08-05 00:55:36.656781,2021-08-05 01:14:21.905297,0 days 00:18:45.248516,True,128,0.1427365524133725,0.5806183728273562,0.2986485832028868,5.851040919642792e-07,0.19472986601879916,0.00018439830789126807,6,5.578788535745636,457.01524876126547,255.08613650682872,29.250610998068595,10.244537421665253,93.15888818901992,,,257.6824233764409,COMPLETE
22,22,0.4744499623775482,2021-08-05 01:14:21.943332,2021-08-05 01:39:50.675136,0 days 00:25:28.731804,True,128,0.10500136289471326,0.4152839330933121,0.20128305356690562,1.2613451466802118e-07,0.08925461418782119,0.0005346515671927203,7,11.532982099295586,313.4160062162395,109.57909412473093,60.18791066960996,15.675153525695098,232.38558843829938,22.804498428036247,,162.31407472887554,COMPLETE
23,23,0.39305806159973145,2021-08-05 01:39:50.726183,2021-08-05 01:50:12.992084,0 days 00:10:22.265901,True,128,0.16709128434349002,0.6862448484307851,0.34474439033705623,1.1888899176177154e-06,0.1999596789723273,0.000730173115234075,5,27.926939052943958,113.99829668896871,302.9237797359247,24.30454006328383,6.565103494426246,,,,393.71695140471314,COMPLETE
24,24,0.07611992955207825,2021-08-05 01:50:13.044131,2021-08-05 01:54:13.586500,0 days 00:04:00.542369,True,128,0.12970916125190476,1.1666841757692956,0.4918940400567517,1.0889094115453398e-07,0.11988280994675898,0.00015407889379444634,3,18.11998240402055,505.26079744786,136.69024080574755,,,,,,281.56598670811553,COMPLETE
25,25,0.4181221127510071,2021-08-05 01:54:13.632541,2021-08-05 02:13:33.028057,0 days 00:19:19.395516,True,128,0.18147981460354234,0.5367268914709507,0.2819204803156084,1.944393787380331e-06,0.27207366864084337,0.0003092799540752474,7,9.001555279779579,239.34937322324757,77.97103107367553,47.12387122434762,8.032189581469165,51.73775116956861,210.937032639257,,193.02197483704464,COMPLETE
26,26,0.29682207107543945,2021-08-05 02:13:33.069094,2021-08-05 02:26:38.649255,0 days 00:13:05.580161,True,128,0.3339083946870791,0.2928623198761355,0.13105835643440744,2.634776016997554e-07,0.03854275264697221,0.0042030516792082575,6,4.042085205788199,491.1049591230949,178.13382149142117,252.15506244918274,26.902169113485225,151.0734287667567,,,137.35267074192924,COMPLETE
27,27,0.34443199634552,2021-08-05 02:26:38.688290,2021-08-05 02:39:18.217803,0 days 00:12:39.529513,True,64,0.12476900652121185,0.6739973050390669,0.42188492121210863,2.6513806371329727e-05,0.13286851982341366,0.0012994774999820205,5,317.5632194134204,287.7996217625986,88.86318974278075,45.38385377268737,15.247921064922345,,,,278.08131465358395,COMPLETE
28,28,0.5952198505401611,2021-08-05 02:39:18.270850,2021-08-05 02:43:46.007905,0 days 00:04:27.737055,True,512,0.20023261869456727,0.3936271770873379,0.23449470936801145,2.7755576151260303e-06,0.1889712387687111,0.00047236470657853247,4,115.13192225652153,167.17343282915832,43.55289899601728,21.90064741757071,,,,,448.2612081694403,COMPLETE
29,29,0.579094648361206,2021-08-05 02:43:46.045940,2021-08-05 02:46:50.482375,0 days 00:03:04.436435,True,512,0.19576399523968938,0.3901429515867036,0.2364691177733944,0.00011030342150468686,0.28899802424531146,0.0004677134023465883,3,129.2374466245155,143.9657020183814,15.353475234019534,,,,,,170.33284539992601,COMPLETE
30,30,0.5923334956169128,2021-08-05 02:46:50.524412,2021-08-05 02:48:57.082304,0 days 00:02:06.557892,True,512,0.31850972317549575,0.10163550841512947,0.2059821640833452,0.0001328876611798997,0.2926771181822271,0.00044104035048740306,2,125.07451604050361,60.478276811072476,,,,,,,162.69400493374638,COMPLETE
31,31,0.5869289636611938,2021-08-05 02:48:57.120338,2021-08-05 02:51:34.299027,0 days 00:02:37.178689,True,512,0.32070093950527206,0.11505364404556631,0.21161937502060682,0.00010859079758150793,0.2996372921357489,0.0005015499103585828,2,139.15231340246592,73.84363777462842,,,,,,,162.64340038755574,COMPLETE
32,32,0.5428828001022339,2021-08-05 02:51:34.344069,2021-08-05 02:53:33.760475,0 days 00:01:59.416406,True,512,0.32430946942651556,0.11709252892161277,0.19927800977781723,0.00016123918644200778,0.38789256676366846,0.0007342958557228927,2,119.12366441149977,53.864474003179694,,,,,,,90.54913649899142,COMPLETE
33,33,0.5740582346916199,2021-08-05 02:53:33.802514,2021-08-05 02:56:04.411240,0 days 00:02:30.608726,True,512,0.5441662226784848,0.10438016248429421,0.2735843607849368,0.0014917523841179634,0.2990183699072223,0.0002019827898515909,2,102.74143796727147,49.12674931344454,,,,,,,156.8237555783204,COMPLETE
34,34,0.5946308374404907,2021-08-05 02:56:04.459282,2021-08-05 02:58:23.911880,0 days 00:02:19.452598,True,512,0.3577553095720567,0.13091079014011842,0.1605388510200933,7.89613526009775e-05,0.3651808395018106,0.0005920796255073302,2,175.80986556940078,112.19283919043494,,,,,,,128.715167066169,COMPLETE
35,35,0.5716137290000916,2021-08-05 02:58:23.955919,2021-08-05 03:00:43.529626,0 days 00:02:19.573707,True,512,0.37963598530238946,0.13042186829745203,0.16097606917848373,5.1335121575986395e-05,0.3683958923995818,0.0007476193404300563,2,204.461687219494,72.54045237936035,,,,,,,95.22212704997816,COMPLETE
36,36,0.45950284600257874,2021-08-05 03:00:43.580672,2021-08-05 03:01:38.851849,0 days 00:00:55.271177,True,512,0.5465046807740679,0.10336881259379382,0.10329094663165037,0.0005374356367213006,0.48761365467119827,0.0028467801323874913,1,68.45319420762128,,,,,,,,132.56084564695053,COMPLETE
37,37,0.5752068758010864,2021-08-05 03:01:38.902896,2021-08-05 03:04:20.985035,0 days 00:02:42.082139,True,512,0.2831274602568397,0.21338437530809884,0.2140381884217665,1.9597956831894775e-05,0.25138846973006435,0.00025836463051735916,2,163.58118569085758,36.12614390973104,,,,,,,73.68516974398581,COMPLETE
38,38,0.46640944480895996,2021-08-05 03:04:21.037082,2021-08-05 03:07:51.655285,0 days 00:03:30.618203,True,512,0.7157580649803212,0.16250944120822902,0.1643787496143653,0.0023972389248039373,0.35850450681834584,0.0006473550838836317,4,59.996683215197294,107.19943402533087,7.432407958416765,4.207857815153856,,,,,125.96775805908659,COMPLETE
39,39,0.17752481997013092,2021-08-05 03:07:51.700326,2021-08-05 03:08:44.173961,0 days 00:00:52.473635,False,512,0.408479472243622,0.1323847050659248,0.11278112482082597,0.00010342217766049309,0.4262974522942502,0.00038442780244476885,1,281.94553674517897,,,,,,,,194.86456365323144,COMPLETE
40,40,0.5556357502937317,2021-08-05 03:08:44.225009,2021-08-05 03:10:56.529115,0 days 00:02:12.304106,True,512,0.3528384637193865,0.19061984366546347,0.05953850574836178,0.00037622442720425877,0.31537953370715904,0.0012080716431990893,3,93.04354681845977,61.732295466747814,28.91837326103027,,,,,,80.26673361209224,COMPLETE
41,41,0.5813772082328796,2021-08-05 03:10:56.580162,2021-08-05 03:13:24.734659,0 days 00:02:28.154497,True,512,0.19593714527341355,0.37745472942495134,0.2627405357847132,8.42973796922516e-05,0.26286700321629947,0.0004526414949982975,3,129.77905505096487,152.6996223840713,19.64629563018482,,,,,,162.34348977514182,COMPLETE
42,42,0.5649868845939636,2021-08-05 03:13:24.773695,2021-08-05 03:16:53.304001,0 days 00:03:28.530306,True,512,0.2821904038956511,0.22248208086945986,0.32081614516256624,5.390034729738788e-05,0.237995906215161,0.00031303215780432606,3,178.54660327879233,99.31722609242065,8.426821007682324,,,,,,154.37254100260637,COMPLETE
43,43,0.4102877378463745,2021-08-05 03:16:53.349042,2021-08-05 03:30:40.754172,0 days 00:13:47.405130,True,32,0.4909460000072669,0.2617232246163371,0.25891463511870133,0.00021801325392019794,0.3444414551568785,0.0005847970000665817,2,79.67894949887577,164.02800831559048,,,,,,,114.0432272073004,COMPLETE
44,44,0.49846845865249634,2021-08-05 03:30:40.806219,2021-08-05 03:33:49.500520,0 days 00:03:08.694301,True,512,0.2059318108877901,0.15532254511339885,0.17608129646765988,0.0012536795224300874,0.40585631890633594,0.0009021779721130324,4,111.44241617056836,36.87042216607212,21.125188177527928,6.444473742354257,,,,,144.7859915012062,COMPLETE
45,45,0.07570759207010269,2021-08-05 03:33:49.551566,2021-08-05 03:34:26.775358,0 days 00:00:37.223792,False,512,0.2791731698868762,0.31530916141864634,0.21186601320468454,0.003355356810619136,0.2637974429658449,0.00015234809653934028,3,235.88898854154394,25.717469027047834,5.057680914038413,,,,,,183.76251996826522,COMPLETE
46,46,0.5726445317268372,2021-08-05 03:34:26.820399,2021-08-05 03:36:33.196124,0 days 00:02:06.375725,True,512,0.15152684103620404,0.1001932293643089,0.3026560066630497,1.1409862626708951e-05,0.31347038757006007,0.00041375916377142387,1,142.88639453780212,,,,,,,,207.40132565098284,COMPLETE
47,47,0.4031602442264557,2021-08-05 03:36:33.248171,2021-08-05 04:27:08.903983,0 days 00:50:35.655812,True,16,0.4416659322080928,0.11951654403151103,0.21901146166675686,0.042109320412289784,0.3449255338741114,0.00020299879759037338,2,53.040637484679316,9.415174249507928,,,,,,,121.73271318502468,COMPLETE
48,48,0.4639207124710083,2021-08-05 04:27:08.960034,2021-08-05 04:29:21.057954,0 days 00:02:12.097920,True,512,0.21369132467261379,0.363429520291704,0.26893372826290723,2.8522065631482425e-05,0.2324870742719799,0.001714244468958628,4,77.82246077290536,97.62133374935239,35.29924372050283,9.662966517115423,,,,,93.8228328341389,COMPLETE
49,49,0.07611992955207825,2021-08-05 04:29:21.113003,2021-08-05 04:36:08.517852,0 days 00:06:47.404849,False,32,0.26592639262618845,0.17506962429488046,0.15501092933061372,8.691981383741474e-05,0.4784547128028185,0.0105043916595551,2,171.0300895445913,133.30283584400814,,,,,,,173.3082474369841,COMPLETE
50,50,0.459900438785553,2021-08-05 04:36:08.563894,2021-08-05 04:38:21.890930,0 days 00:02:13.327036,True,512,0.6592659631708814,0.13781841656303281,0.35528202989450797,0.00030861082668943627,0.2734927007018098,0.0002603086197161106,3,100.15777494236359,208.01898713990852,12.595088924266058,,,,,,44.677918833008555,COMPLETE
51,51,0.5136217474937439,2021-08-05 04:38:21.949984,2021-08-05 04:40:52.727862,0 days 00:02:30.777878,True,512,0.18720125210857497,0.4017945519109935,0.18357545878870485,0.00011600305289616733,0.28892460664367414,0.0005079851592072681,3,131.7593583829635,147.2767530234733,16.598295334862108,,,,,,36.86028091950742,COMPLETE
52,52,0.5705092549324036,2021-08-05 04:40:52.779910,2021-08-05 04:44:06.058370,0 days 00:03:13.278460,True,512,0.20082937502501097,0.4604760413469189,0.22596601025092455,3.284290482335191e-05,0.32655072470051427,0.0004454725586548004,4,197.93995754189382,66.53746338177787,14.60394228319068,19.94511620884594,,,,,145.5375855062142,COMPLETE
53,53,0.49092864990234375,2021-08-05 04:44:06.110416,2021-08-05 04:46:45.988556,0 days 00:02:39.878140,True,512,0.29893573124053563,0.3706263820694525,0.29569519737269795,1.1769145831361034e-05,0.3061329878529127,0.0009142322309369479,3,41.31521258949832,84.60461084438022,9.195875930378575,,,,,,171.89826127699325,COMPLETE
54,54,0.6015374064445496,2021-08-05 04:46:46.042606,2021-08-05 04:49:26.742492,0 days 00:02:40.699886,True,512,0.24314312995735723,0.2523733098951293,0.24997142675699327,0.0007541273121674031,0.17081901346887576,0.0003526649513724376,2,134.97141060188585,147.15444985502867,,,,,,,124.66271430183694,COMPLETE
55,55,0.6021706461906433,2021-08-05 04:49:26.802545,2021-08-05 04:52:35.309675,0 days 00:03:08.507130,True,512,0.250179321490571,0.24920374721589006,0.2562549718128527,0.0007288678379339789,0.18068550480562034,0.00029746656887771677,1,268.46755408848526,,,,,,,,104.7781310794337,COMPLETE
56,56,0.5485818386077881,2021-08-05 04:52:35.359720,2021-08-05 05:04:32.582827,0 days 00:11:57.223107,True,64,0.23822163459053378,0.26522562947094896,0.2532055144932133,0.005143357954824683,0.1798904018372707,0.00033448754187958185,1,346.7942638011364,,,,,,,,81.62343466451061,COMPLETE
57,57,0.3128589391708374,2021-08-05 05:04:32.643882,2021-08-05 05:23:45.524482,0 days 00:19:12.880600,True,16,0.3656195305218534,0.2439665423712223,0.32238660092206695,0.0012697341469277534,0.16427085427595395,0.0013793590092260586,1,267.04651261641607,,,,,,,,104.5129257917674,COMPLETE
58,58,0.6290460228919983,2021-08-05 05:23:45.592544,2021-08-05 05:27:45.792601,0 days 00:04:00.200057,True,512,0.31637908155174665,0.19247656867407223,0.1994880480877103,0.011616701754506574,0.211569425770996,0.00014898473302445378,2,419.3187606034734,41.48724699075012,,,,,,,117.93245294034408,COMPLETE
59,59,0.5639413595199585,2021-08-05 05:27:45.849654,2021-08-05 05:31:33.648453,0 days 00:03:47.798799,True,512,0.25272231145827223,0.19309887684435542,0.143616924671521,0.01601715806210502,0.1786667073510591,0.00013121234449762885,1,227.24510738765628,,,,,,,,112.41535605024688,COMPLETE
60,60,0.24748916923999786,2021-08-05 05:31:33.702501,2021-08-05 05:36:17.060737,0 days 00:04:43.358236,True,512,0.22719760092040056,0.23538438093098502,0.19631370522348224,0.7350427940485067,0.21427972968060532,0.00020795444641589827,2,412.22263610739753,29.90955428289579,,,,,,,99.84180105613655,COMPLETE
61,61,0.6117721796035767,2021-08-05 05:36:17.109783,2021-08-05 05:41:08.388209,0 days 00:04:51.278426,True,512,0.3030192978909279,0.3248444072309113,0.1757712369389839,0.049258749188255055,0.1432319379617001,0.0002874915610053822,2,292.72751128527034,14.28333539519089,,,,,,,122.18261365825887,COMPLETE
